2025-02-18 16:06:45,793 - INFO - MongoDB连接成功
2025-02-18 16:06:45,836 - INFO - Use pytorch device_name: cpu
2025-02-18 16:06:45,837 - INFO - Load pretrained SentenceTransformer: shibing624/text2vec-base-chinese
2025-02-18 16:06:48,851 - INFO - 模型 shibing624/text2vec-base-chinese 加载成功
2025-02-18 16:06:48,851 - INFO - Faiss索引加载成功
2025-02-18 16:06:48,852 - INFO - 元数据加载成功
2025-02-18 16:07:49,288 - INFO - MongoDB连接成功
2025-02-18 16:07:49,290 - INFO - Use pytorch device_name: cpu
2025-02-18 16:07:49,290 - INFO - Load pretrained SentenceTransformer: shibing624/text2vec-base-chinese
2025-02-18 16:07:52,387 - INFO - 模型 shibing624/text2vec-base-chinese 加载成功
2025-02-18 16:07:52,387 - INFO - Faiss索引加载成功
2025-02-18 16:07:52,388 - INFO - 元数据加载成功
2025-02-18 16:07:58,599 - ERROR - 系统错误：'StrictQASystem' object has no attribute '_strict_search'
2025-02-18 16:08:53,534 - INFO - MongoDB连接成功
2025-02-18 16:08:53,536 - INFO - Use pytorch device_name: cpu
2025-02-18 16:08:53,536 - INFO - Load pretrained SentenceTransformer: shibing624/text2vec-base-chinese
2025-02-18 16:08:57,086 - INFO - 模型 shibing624/text2vec-base-chinese 加载成功
2025-02-18 16:08:57,087 - INFO - Faiss索引加载成功
2025-02-18 16:08:57,087 - INFO - 元数据加载成功
2025-02-18 16:09:04,544 - INFO - 
=== 内容匹配结果 ===
2025-02-18 16:09:04,544 - INFO - 匹配 1: 相似度=0.6715 | 内容=未知内容
2025-02-18 16:09:04,544 - INFO - 匹配 2: 相似度=0.5847 | 内容=未知内容
2025-02-18 16:09:04,544 - INFO - 匹配 3: 相似度=0.5723 | 内容=未知内容
2025-02-18 16:09:04,544 - INFO - 匹配 4: 相似度=0.5484 | 内容=未知内容
2025-02-18 16:09:04,544 - INFO - 匹配 5: 相似度=0.5272 | 内容=未知内容
2025-02-18 16:09:04,544 - INFO - 匹配 6: 相似度=0.5218 | 内容=未知内容
2025-02-18 16:09:04,544 - INFO - 匹配 7: 相似度=0.5166 | 内容=未知内容
2025-02-18 16:09:04,544 - WARNING - 处理索引 89 时出错: 'StrictQASystem' object has no attribute '_get_content_vector'
2025-02-18 16:09:04,544 - WARNING - 处理索引 91 时出错: 'StrictQASystem' object has no attribute '_get_content_vector'
2025-02-18 16:09:04,545 - WARNING - 处理索引 116 时出错: 'StrictQASystem' object has no attribute '_get_content_vector'
2025-02-18 16:09:04,545 - WARNING - 处理索引 110 时出错: 'StrictQASystem' object has no attribute '_get_content_vector'
2025-02-18 16:09:04,545 - WARNING - 处理索引 115 时出错: 'StrictQASystem' object has no attribute '_get_content_vector'
2025-02-18 16:09:04,545 - WARNING - 处理索引 41 时出错: 'StrictQASystem' object has no attribute '_get_content_vector'
2025-02-18 16:09:04,545 - WARNING - 处理索引 90 时出错: 'StrictQASystem' object has no attribute '_get_content_vector'
2025-02-18 16:09:04,545 - INFO - 候选结果数量: 0
2025-02-18 16:09:04,545 - WARNING - 未找到相关匹配
